<?xml version="1.0" encoding="UTF-8"?>
<testng-results ignored="0" total="1" passed="1" failed="0" skipped="0">
  <reporter-output>
  </reporter-output>
  <suite started-at="2020-10-13T23:26:07 CEST" name="Default suite" finished-at="2020-10-13T23:28:14 CEST" duration-ms="126865">
    <groups>
    </groups>
    <test started-at="2020-10-13T23:26:07 CEST" name="Default test" finished-at="2020-10-13T23:28:14 CEST" duration-ms="126865">
      <class name="practise.AppiumFramework.ecommerce_tc_1">
        <test-method is-config="true" signature="killAllNodes()[pri:0, instance:practise.AppiumFramework.ecommerce_tc_1@635eaaf1]" started-at="2020-10-13T23:26:07 CEST" name="killAllNodes" finished-at="2020-10-13T23:26:10 CEST" duration-ms="3082" status="PASS">
          <reporter-output>
          </reporter-output>
        </test-method> <!-- killAllNodes -->
        <test-method signature="testingEcommerce()[pri:0, instance:practise.AppiumFramework.ecommerce_tc_1@635eaaf1]" started-at="2020-10-13T23:26:10 CEST" name="testingEcommerce" finished-at="2020-10-13T23:28:14 CEST" duration-ms="123644" status="PASS">
          <reporter-output>
          </reporter-output>
        </test-method> <!-- testingEcommerce -->
      </class> <!-- practise.AppiumFramework.ecommerce_tc_1 -->
    </test> <!-- Default test -->
  </suite> <!-- Default suite -->
</testng-results>
